2024-11-02 16:08:23 - info: User created: WIKTOR
2024-11-02 16:09:28 - info: User created: MICHAL
2024-11-02 16:09:33 - info: User deleted: jan
2024-11-02 16:13:13 - info: User created: BAKLAWA
2024-11-02 16:13:17 - info: User deleted: MICHAL
2024-11-02 16:13:21 - info: User deleted: WIKTOR
2024-11-02 16:16:36 - info: User created: RYZ
2024-11-02 16:23:08 - info: Login attempt for username: ADMIN
2024-11-02 16:23:09 - info: User ADMIN logged in successfully
2024-11-02 16:23:13 - info: User created: NIGA
2024-11-02 16:23:20 - info: Login attempt for username: NIGA
2024-11-02 16:23:20 - info: User NIGA logged in successfully
2024-11-02 16:23:52 - info: Login attempt for username: ADMIN
2024-11-02 16:23:52 - info: User ADMIN logged in successfully
2024-11-02 16:24:17 - info: Login attempt for username: NIGA
2024-11-02 16:24:17 - error: Login failed for NIGA: Incorrect password
2024-11-02 16:27:11 - info: Login attempt for username: ADMIN
2024-11-02 16:27:11 - error: Login failed for ADMIN: Incorrect password
2024-11-02 16:28:22 - info: Login attempt for username: ADMIN
2024-11-02 16:28:22 - info: User ADMIN logged in successfully
2024-11-02 16:28:36 - info: Admin password changed for ADMIN
2024-11-02 16:28:47 - info: Login attempt for username: ADMIN
2024-11-02 16:28:47 - error: Login failed for ADMIN: Incorrect password
2024-11-02 16:28:50 - info: Login attempt for username: ADMIN
2024-11-02 16:28:50 - error: Login failed for ADMIN: Incorrect password
2024-11-02 16:28:51 - info: Login attempt for username: ADMIN
2024-11-02 16:28:51 - error: Login failed for ADMIN: Incorrect password
2024-11-02 16:28:52 - info: Login attempt for username: ADMIN
2024-11-02 16:28:52 - error: Login failed for ADMIN: Incorrect password
2024-11-02 16:28:55 - info: Login attempt for username: ADMIN
2024-11-02 16:28:55 - error: Login failed for ADMIN: Incorrect password
2024-11-02 16:28:56 - info: Login attempt for username: ADMIN
2024-11-02 16:28:56 - error: Login failed for ADMIN: Incorrect password
2024-11-02 16:29:10 - info: Login attempt for username: ADMIN
2024-11-02 16:29:10 - error: Login failed for ADMIN: Incorrect password
2024-11-02 16:29:11 - info: Login attempt for username: ADMIN
2024-11-02 16:29:11 - error: Login failed for ADMIN: Incorrect password
2024-11-02 16:29:13 - info: Login attempt for username: ADMIN
2024-11-02 16:29:13 - error: Login failed for ADMIN: Incorrect password
2024-11-02 16:29:14 - info: Login attempt for username: ADMIN
2024-11-02 16:29:14 - error: Login failed for ADMIN: Incorrect password
2024-11-02 16:29:14 - info: Login attempt for username: ADMIN
2024-11-02 16:29:14 - error: Login failed for ADMIN: Incorrect password
2024-11-02 16:29:20 - info: Login attempt for username: ADMIN
2024-11-02 16:29:20 - error: Login failed for ADMIN: Incorrect password
2024-11-02 16:31:13 - info: Login attempt for username: ADMIN
2024-11-02 16:31:13 - error: Login failed for ADMIN: User not found
2024-11-02 16:33:11 - info: Login attempt for username: ADMIN
2024-11-02 16:33:11 - info: User ADMIN logged in successfully
2024-11-02 16:33:30 - info: User created: mis
2024-11-02 16:33:43 - info: Login attempt for username: mis
2024-11-02 16:33:43 - info: User mis logged in successfully
2024-11-02 16:34:06 - info: Login attempt for username: mis
2024-11-02 16:34:06 - info: User mis logged in successfully
2024-11-02 16:38:40 - info: Login attempt for username: ADMIN
2024-11-02 16:38:41 - info: User ADMIN logged in successfully
2024-11-02 16:38:46 - info: User created: RUFIK
2024-11-02 16:38:53 - info: Login attempt for username: RUFIK
2024-11-02 16:38:53 - info: User RUFIK logged in successfully
2024-11-02 16:39:02 - info: Password changed successfully for user RUFIK
2024-11-02 16:39:06 - info: Password changed successfully for user RUFIK
2024-11-02 16:51:51 - info: Login attempt for username: ADMIN
2024-11-02 16:51:51 - info: User ADMIN logged in successfully
2024-11-02 16:59:40 - info: Login attempt for username: ADMIN
2024-11-02 16:59:41 - info: User ADMIN logged in successfully
2024-11-02 17:00:08 - info: User created: cook
2024-11-02 17:00:15 - info: Login attempt for username: cook
2024-11-02 17:00:15 - info: User cook logged in successfully
2024-11-02 17:00:23 - info: Login attempt for username: ADMIN
2024-11-02 17:00:23 - info: User ADMIN logged in successfully
2024-11-02 17:03:17 - info: Login attempt for username: ADMIN
2024-11-02 17:03:17 - info: User ADMIN logged in successfully
2024-11-02 17:07:40 - info: User created: rucki
2024-11-02 17:07:54 - info: Login attempt for username: rucki
2024-11-02 17:07:54 - info: User rucki logged in successfully
2024-11-02 17:07:59 - info: Password changed successfully for user rucki
2024-11-02 17:08:04 - info: Password changed successfully for user rucki
2024-11-02 17:08:12 - info: Login attempt for username: ADMIN
2024-11-02 17:08:12 - info: User ADMIN logged in successfully
2024-11-02 17:13:01 - info: User created: pink
2024-11-02 17:14:26 - info: User deleted: cook
2024-11-02 17:19:37 - info: Login attempt for username: ADMIN
2024-11-02 17:19:37 - info: User ADMIN logged in successfully
2024-11-02 17:20:16 - info: User created: MAN
2024-11-02 17:20:29 - info: Login attempt for username: MAN
2024-11-02 17:20:30 - error: Login failed for MAN: Incorrect password
2024-11-02 17:20:34 - info: Login attempt for username: man
2024-11-02 17:20:34 - error: Login failed for man: User not found
2024-11-02 17:20:36 - info: Login attempt for username: man
2024-11-02 17:20:36 - error: Login failed for man: User not found
2024-11-02 17:20:36 - info: Login attempt for username: man
2024-11-02 17:20:36 - error: Login failed for man: User not found
2024-11-02 17:20:38 - info: Login attempt for username: MAN
2024-11-02 17:20:38 - error: Login failed for MAN: Incorrect password
2024-11-02 17:20:43 - info: Login attempt for username: ADMIN
2024-11-02 17:20:43 - info: User ADMIN logged in successfully
2024-11-02 17:21:07 - info: Login attempt for username: MAN
2024-11-02 17:21:07 - error: Login failed for MAN: Incorrect password
2024-11-02 17:21:08 - info: Login attempt for username: man
2024-11-02 17:21:08 - error: Login failed for man: User not found
2024-11-02 17:21:10 - info: Login attempt for username: man
2024-11-02 17:21:10 - error: Login failed for man: User not found
2024-11-02 17:21:10 - info: Login attempt for username: man
2024-11-02 17:21:10 - error: Login failed for man: User not found
2024-11-02 17:21:22 - info: Login attempt for username: ADMIN
2024-11-02 17:21:23 - info: User ADMIN logged in successfully
2024-11-02 17:21:39 - info: User created: timba
2024-11-02 17:21:57 - info: Login attempt for username: timba
2024-11-02 17:21:57 - info: User timba logged in successfully
2024-11-02 17:22:06 - info: Login attempt for username: ADMIN
2024-11-02 17:22:06 - info: User ADMIN logged in successfully
2024-11-02 17:23:44 - info: User deleted: MAN
2024-11-02 17:24:03 - info: User created: kik
2024-11-02 17:24:15 - info: User deleted: kik
2024-11-02 17:25:00 - info: User created: mix
2024-11-02 17:25:10 - info: User deleted: mix
2024-11-02 17:25:56 - info: User created: max
2024-11-02 17:26:06 - info: User deleted: max
2024-11-02 17:26:27 - info: User created: micha
2024-11-02 17:26:33 - info: User deleted: micha
2024-11-02 17:27:10 - info: User created: men
2024-11-02 17:27:18 - info: User deleted: men
2024-11-02 17:28:57 - info: User created: ok
2024-11-02 17:31:02 - info: User deleted: timba
2024-11-02 17:37:48 - info: Login attempt for username: ADMIN
2024-11-02 17:37:48 - info: User ADMIN logged in successfully
2024-11-02 17:38:14 - info: User created: MANKO
2024-11-02 17:38:24 - info: Login attempt for username: MANKO
2024-11-02 17:38:24 - info: User MANKO logged in successfully
2024-11-02 17:38:36 - info: Login attempt for username: ADMIN
2024-11-02 17:38:36 - info: User ADMIN logged in successfully
2024-11-02 17:41:55 - info: User deleted: mis
2024-11-02 17:42:59 - info: User created: ka
2024-11-02 17:43:09 - info: Login attempt for username: ka
2024-11-02 17:43:09 - info: User ka logged in successfully
2024-11-02 17:43:15 - info: Login attempt for username: ADMIN
2024-11-02 17:43:15 - info: User ADMIN logged in successfully
2024-11-02 17:47:11 - info: User created: kan
2024-11-02 17:47:32 - info: Login attempt for username: kan
2024-11-02 17:47:32 - info: User kan logged in successfully
2024-11-02 17:48:00 - info: Login attempt for username: ADMIN
2024-11-02 17:48:00 - info: User ADMIN logged in successfully
2024-11-02 18:00:47 - info: User created: wiktor
2024-11-02 18:01:11 - info: User created: ruk
2024-11-02 18:03:35 - info: User created: run
2024-11-02 18:13:11 - info: Login attempt for username: kix
2024-11-02 18:13:11 - error: Login failed for kix: User not found
2024-11-02 18:13:13 - info: Login attempt for username: kix
2024-11-02 18:13:13 - error: Login failed for kix: User not found
2024-11-02 18:13:15 - info: Login attempt for username: kix
2024-11-02 18:13:15 - error: Login failed for kix: User not found
2024-11-02 18:13:16 - info: Login attempt for username: kix
2024-11-02 18:13:16 - error: Login failed for kix: User not found
2024-11-02 18:13:16 - info: Login attempt for username: kix
2024-11-02 18:13:16 - error: Login failed for kix: User not found
2024-11-02 18:18:02 - info: Login attempt for username: ADMIN
2024-11-02 18:18:02 - info: User ADMIN logged in successfully
2024-11-02 18:18:05 - info: User deleted: run
2024-11-02 18:18:08 - info: User deleted: RUFIK
2024-11-02 18:18:18 - info: User deleted: rucki
2024-11-02 18:18:20 - info: User deleted: pink
2024-11-02 18:18:24 - info: User deleted: ka
2024-11-02 18:18:30 - info: User created: BAK
2024-11-02 18:18:37 - info: Login attempt for username: BAK
2024-11-02 18:21:13 - info: Login attempt for username: ADMIN
2024-11-02 18:21:13 - info: User ADMIN logged in successfully
2024-11-02 18:21:27 - info: User created: LOLI
2024-11-02 18:21:40 - info: Login attempt for username: LOLI
2024-11-02 18:21:49 - info: Login attempt for username: ADMIN
2024-11-02 18:21:49 - info: User ADMIN logged in successfully
2024-11-02 18:22:01 - info: User created: MAX
2024-11-02 18:22:08 - info: Login attempt for username: MAX
2024-11-02 18:26:23 - info: Login attempt for username: ADMIN
2024-11-02 18:26:23 - info: User ADMIN logged in successfully
2024-11-02 18:26:30 - info: User created: KIS
2024-11-02 18:26:37 - info: Login attempt for username: KIS
2024-11-02 18:26:37 - info: User KIS logged in successfully
2024-11-02 18:26:45 - info: Login attempt for username: ADMIN
2024-11-02 18:26:45 - info: User ADMIN logged in successfully
2024-11-02 18:27:05 - info: Login attempt for username: KIS
2024-11-02 18:27:05 - info: User KIS logged in successfully
2024-11-02 18:27:16 - info: Login attempt for username: ADMIN
2024-11-02 18:27:16 - info: User ADMIN logged in successfully
2024-11-02 18:27:36 - info: Login attempt for username: KIS
2024-11-02 18:27:36 - info: User KIS logged in successfully
2024-11-02 18:27:44 - info: Login attempt for username: ADMIN
2024-11-02 18:27:44 - info: User ADMIN logged in successfully
2024-11-02 18:28:27 - info: User created: rysiek
2024-11-02 18:28:40 - info: User created: ma
2024-11-02 18:28:52 - info: Login attempt for username: ma
2024-11-02 18:28:52 - info: User ma logged in successfully
2024-11-02 18:31:49 - info: Login attempt for username: ADMIN
2024-11-02 18:31:49 - info: User ADMIN logged in successfully
2024-11-02 18:31:56 - info: User created: RYDZ
2024-11-02 18:32:06 - info: Login attempt for username: RYDZ
2024-11-02 18:32:06 - info: User RYDZ logged in successfully
2024-11-02 18:32:14 - info: Login attempt for username: ADMIN
2024-11-02 18:32:14 - info: User ADMIN logged in successfully
2024-11-02 18:32:22 - info: User created: MU
2024-11-02 18:32:32 - info: Login attempt for username: MU
2024-11-02 18:32:32 - info: User MU logged in successfully
2024-11-02 18:32:39 - info: Login attempt for username: ADMIN
2024-11-02 18:32:39 - info: User ADMIN logged in successfully
2024-11-02 18:32:47 - info: User created: ROK
2024-11-02 18:33:07 - info: Login attempt for username: ROK
2024-11-02 18:33:07 - info: User ROK logged in successfully
2024-11-02 18:35:05 - info: Login attempt for username: ADMIN
2024-11-02 18:35:05 - info: User ADMIN logged in successfully
2024-11-02 18:35:10 - info: User deleted: ok
2024-11-02 18:35:13 - info: User deleted: MANKO
2024-11-02 18:35:18 - info: User created: M
2024-11-02 18:35:34 - info: Login attempt for username: M
2024-11-02 18:35:34 - info: User M logged in successfully
2024-11-02 18:35:38 - info: Password changed successfully for user M
2024-11-02 18:35:41 - info: Login attempt for username: M
2024-11-02 18:35:41 - info: User M logged in successfully
2024-11-02 18:40:04 - info: Login attempt for username: M
2024-11-02 18:40:04 - info: User M logged in successfully
2024-11-02 18:41:29 - info: Login attempt for username: ADMIN
2024-11-02 18:41:29 - info: User ADMIN logged in successfully
2024-11-02 18:41:36 - info: User created: MIX
2024-11-02 18:41:48 - info: Login attempt for username: MIX
2024-11-02 18:41:48 - info: User MIX logged in successfully
2024-11-02 18:45:30 - info: Login attempt for username: ADMIN
2024-11-02 18:45:30 - info: User ADMIN logged in successfully
2024-11-02 18:45:38 - info: User created: REX
2024-11-02 18:45:45 - info: Login attempt for username: REX
2024-11-02 18:45:45 - info: User REX logged in successfully
2024-11-02 18:48:13 - info: Login attempt for username: ADMIN
2024-11-02 18:48:13 - info: User ADMIN logged in successfully
2024-11-02 18:48:21 - info: User created: LOL
2024-11-02 18:48:33 - info: Login attempt for username: LOL
2024-11-02 18:48:33 - info: User LOL logged in successfully
2024-11-02 18:48:53 - info: Login attempt for username: LOL
2024-11-02 18:48:53 - info: User LOL logged in successfully
2024-11-02 18:53:43 - info: Login attempt for username: ADMIN
2024-11-02 18:53:43 - info: User ADMIN logged in successfully
2024-11-02 18:53:58 - info: User created: HAM
2024-11-02 18:54:03 - info: Login attempt for username: HAM
2024-11-02 18:54:03 - info: User HAM logged in successfully
2024-11-02 18:54:08 - info: Login attempt for username: ADMIN
2024-11-02 18:54:08 - info: User ADMIN logged in successfully
2024-11-02 19:00:18 - info: Login attempt for username: ADMIN
2024-11-02 19:00:18 - info: User ADMIN logged in successfully
2024-11-02 19:02:33 - info: Login attempt for username: REX
2024-11-02 19:02:38 - info: User REX verified OTP and logged in successfully
2024-11-02 19:02:46 - info: Login attempt for username: ADMIN
2024-11-02 19:02:46 - info: User ADMIN logged in successfully
2024-11-02 19:08:52 - info: User created: ki
2024-11-02 19:09:07 - info: Login attempt for username: ki
2024-11-02 19:09:10 - info: User ki verified OTP and logged in successfully
2024-11-02 19:10:22 - info: Login attempt for username: ADMIN
2024-11-02 19:10:22 - info: User ADMIN logged in successfully
2024-11-02 19:10:26 - info: User deleted: kan
2024-11-02 19:10:29 - info: User deleted: wiktor
2024-11-02 19:10:32 - info: User deleted: ruk
2024-11-02 19:10:36 - info: User deleted: BAK
2024-11-02 19:10:38 - info: User deleted: LOLI
2024-11-02 19:10:42 - info: User deleted: rysiek
2024-11-02 19:10:44 - info: User deleted: MAX
2024-11-02 19:10:47 - info: User deleted: KIS
2024-11-02 19:10:50 - info: User deleted: ma
2024-11-02 19:10:53 - info: User deleted: RYDZ
2024-11-02 19:10:56 - info: User deleted: MU
2024-11-02 19:10:59 - info: User deleted: ki
2024-11-02 19:11:02 - info: User deleted: ROK
2024-11-02 19:11:05 - info: User deleted: LOL
2024-11-02 19:11:07 - info: User deleted: M
2024-11-02 19:11:10 - info: User deleted: MIX
2024-11-02 19:11:13 - info: User deleted: REX
2024-11-02 19:11:18 - info: User created: jo
2024-11-02 19:11:26 - info: Login attempt for username: jo
2024-11-02 19:11:26 - info: User jo logged in successfully
2024-11-02 19:11:31 - info: Login attempt for username: ADMIN
2024-11-02 19:11:31 - info: User ADMIN logged in successfully
2024-11-02 19:14:48 - info: User deleted: jo
2024-11-02 19:14:51 - info: User deleted: HAM
2024-11-02 19:14:57 - info: User created: mi
2024-11-04 12:15:27 - info: Login attempt for username: ADMIN
2024-11-04 12:15:27 - info: User ADMIN logged in successfully
2024-11-04 12:15:33 - info: User created: MIX
2024-11-04 12:15:38 - info: Login attempt for username: MIX
2024-11-04 12:15:38 - info: User MIX logged in successfully
2024-11-04 12:15:48 - info: Login attempt for username: ADMIN
2024-11-04 12:15:48 - info: User ADMIN logged in successfully
2024-11-04 12:16:44 - info: User created: ROS
2024-11-04 12:16:48 - info: Login attempt for username: ROS
2024-11-04 12:16:48 - info: User ROS logged in successfully
2024-11-04 12:18:30 - info: Login attempt for username: ADMIN
2024-11-04 12:18:30 - info: User ADMIN logged in successfully
2024-11-04 12:18:35 - info: User deleted: ROS
2024-11-04 12:33:40 - info: User created: ruc
2024-11-04 12:33:46 - info: Login attempt for username: ruc
2024-11-04 12:33:46 - info: User ruc logged in successfully
2024-11-04 12:33:54 - info: Login attempt for username: ruc
2024-11-04 12:33:54 - info: User ruc logged in successfully
2024-11-04 12:34:07 - info: Login attempt for username: ruc
2024-11-04 12:34:07 - info: User ruc logged in successfully
2024-11-04 12:35:27 - info: Login attempt for username: ruc
2024-11-04 12:35:27 - info: User ruc logged in successfully
2024-11-04 12:35:34 - info: Login attempt for username: ADMIN
2024-11-04 12:35:34 - info: User ADMIN logged in successfully
2024-11-04 12:35:42 - info: User created: MIC
2024-11-04 12:36:10 - info: User created: MU
2024-11-04 12:36:14 - info: Login attempt for username: MU
2024-11-04 12:36:14 - info: User MU logged in successfully
2024-11-04 12:36:30 - info: Login attempt for username: mu
2024-11-04 12:36:30 - error: Login failed for mu: User not found
2024-11-04 12:36:36 - info: Login attempt for username: ADMIN
2024-11-04 12:36:36 - info: User ADMIN logged in successfully
2024-11-04 12:36:39 - info: User created: TO
2024-11-04 12:36:42 - info: Login attempt for username: TO
2024-11-04 12:36:42 - info: User TO logged in successfully
2024-11-04 12:36:45 - info: Login attempt for username: TO
2024-11-04 12:36:45 - info: User TO logged in successfully
2024-11-04 12:36:52 - info: Login attempt for username: ADMIN
2024-11-04 12:36:52 - info: User ADMIN logged in successfully
2024-11-04 12:41:03 - info: User created: bing
2024-11-04 12:41:19 - info: User deleted: mi
2024-11-04 12:41:21 - info: User deleted: MIX
2024-11-04 12:41:23 - info: User deleted: ruc
2024-11-04 12:41:24 - info: User deleted: MIC
2024-11-04 12:41:26 - info: User deleted: MU
2024-11-04 12:41:28 - info: User deleted: TO
2024-11-04 12:41:36 - info: User deleted: bing
2024-11-04 12:41:44 - info: User created: lo
2024-11-04 12:41:51 - info: Login attempt for username: lo
2024-11-04 12:41:53 - info: User lo verified OTP and logged in successfully
2024-11-04 12:42:11 - info: Login attempt for username: ADMIN
2024-11-04 12:42:11 - info: User ADMIN logged in successfully
2024-11-04 12:42:16 - info: User created: MI
2024-11-04 12:47:12 - info: User created: ki
2024-11-04 12:47:23 - info: Login attempt for username: ki
2024-11-04 12:47:25 - info: User ki verified OTP and logged in successfully
2024-11-04 12:47:32 - info: Login attempt for username: ADMIN
2024-11-04 12:47:32 - info: User ADMIN logged in successfully
2024-11-04 12:47:37 - info: User created: LOL
2024-11-04 12:47:43 - info: Login attempt for username: LOL
2024-11-04 12:47:44 - info: User LOL verified OTP and logged in successfully
2024-11-04 12:47:50 - info: Login attempt for username: ADMIN
2024-11-04 12:47:50 - info: User ADMIN logged in successfully
2024-11-04 12:49:36 - info: Login attempt for username: ADMIN
2024-11-04 12:49:36 - info: User ADMIN logged in successfully
2024-11-04 12:49:42 - info: User created: BING
2024-11-04 12:49:50 - info: Login attempt for username: BING
2024-11-04 12:49:52 - info: User BING verified OTP and logged in successfully
2024-11-04 12:50:04 - info: Login attempt for username: ADMIN
2024-11-04 12:50:05 - info: User ADMIN logged in successfully
2024-11-08 13:09:54 - info: Login attempt for username: ADMIN
2024-11-08 13:09:55 - info: User ADMIN logged in successfully
2024-11-08 13:10:11 - info: User deleted: BING
2024-11-08 13:19:04 - info: User created: puk
2024-11-08 13:19:10 - info: Login attempt for username: puk
2024-11-08 13:19:10 - info: User puk logged in successfully
2024-11-08 13:19:14 - error: Password change failed for puk: Incorrect old password
2024-11-08 13:19:16 - error: Password change failed for puk: Incorrect old password
2024-11-08 13:21:13 - info: Login attempt for username: puk
2024-11-08 13:21:13 - info: User puk logged in successfully
2024-11-08 13:21:15 - error: Password change failed for puk: Incorrect old password
2024-11-08 13:21:29 - info: Login attempt for username: puk
2024-11-08 13:21:29 - info: User puk logged in successfully
2024-11-08 13:24:07 - info: Login attempt for username: puk
2024-11-08 13:24:07 - info: User puk logged in successfully
2024-11-08 13:24:12 - info: Password changed successfully for user puk
2024-11-08 13:25:17 - info: Login attempt for username: puk
2024-11-08 13:25:17 - error: Login failed for puk: Incorrect password
2024-11-08 13:25:19 - info: Login attempt for username: puk
2024-11-08 13:25:19 - info: User puk logged in successfully
2024-11-08 13:25:33 - info: Login attempt for username: ADMIN
2024-11-08 13:25:33 - error: Login failed for ADMIN: Incorrect password
2024-11-08 13:25:36 - info: Login attempt for username: ADMIN
2024-11-08 13:25:36 - info: User ADMIN logged in successfully
2024-11-08 13:25:43 - info: User created: KOK
2024-11-08 13:25:47 - info: Login attempt for username: KOK
2024-11-08 13:25:47 - info: User KOK logged in successfully
2024-11-08 13:25:51 - info: Password changed successfully for user KOK
2024-11-08 13:25:58 - info: Login attempt for username: KOK
2024-11-08 13:25:58 - info: User KOK logged in successfully
2024-11-08 13:28:11 - info: Login attempt for username: ADMIN
2024-11-08 13:28:11 - info: User ADMIN logged in successfully
2024-11-08 13:28:16 - info: User created: rik
2024-11-08 13:28:20 - info: Login attempt for username: rik
2024-11-08 13:28:21 - info: User rik logged in successfully
2024-11-08 13:28:24 - info: Password changed successfully for user rik
2024-11-08 13:28:27 - info: Login attempt for username: rik
2024-11-08 13:28:28 - info: User rik logged in successfully
2024-11-08 13:30:18 - info: Login attempt for username: ADMIN
2024-11-08 13:30:18 - info: User ADMIN logged in successfully
2024-11-08 13:30:21 - info: User created: JO
2024-11-08 13:30:24 - info: Login attempt for username: JO
2024-11-08 13:30:24 - info: User JO logged in successfully
2024-11-08 13:30:27 - info: Password changed successfully for user JO
2024-11-08 13:30:30 - info: Login attempt for username: JO
2024-11-08 13:30:30 - info: User JO logged in successfully
2024-11-08 13:34:53 - info: Login attempt for username: ADMIN
2024-11-08 13:34:53 - info: User ADMIN logged in successfully
2024-11-08 13:34:56 - info: User created: B
2024-11-08 13:35:00 - info: Login attempt for username: B
2024-11-08 13:35:00 - info: User B logged in successfully
2024-11-08 13:35:03 - info: Password changed successfully for user B
2024-11-08 13:35:07 - info: Login attempt for username: B
2024-11-08 13:35:07 - info: User B logged in successfully
2024-11-08 13:38:22 - info: Login attempt for username: B
2024-11-08 13:38:22 - info: User B logged in successfully
2024-11-08 13:45:42 - info: Login attempt for username: ADMIN
2024-11-08 13:45:42 - info: User ADMIN logged in successfully
2024-11-08 13:45:47 - info: User created: IN
2024-11-08 13:45:51 - info: Login attempt for username: IN
2024-11-08 13:45:51 - info: User IN logged in successfully
2024-11-08 13:45:56 - info: Password changed successfully for user IN
2024-11-08 13:46:05 - info: Login attempt for username: IN
2024-11-08 13:46:05 - info: User IN logged in successfully
2024-11-08 13:48:56 - info: Login attempt for username: ADMIN
2024-11-08 13:48:56 - info: User ADMIN logged in successfully
2024-11-08 13:48:59 - info: User created: U
2024-11-08 13:49:03 - info: Login attempt for username: U
2024-11-08 13:49:03 - info: User U logged in successfully
2024-11-08 13:49:06 - info: Password changed successfully for user U
2024-11-08 13:54:20 - info: Login attempt for username: ADMIN
2024-11-08 13:54:20 - info: User ADMIN logged in successfully
2024-11-08 13:54:23 - info: User created: ME
2024-11-08 13:54:27 - info: Login attempt for username: ME
2024-11-08 13:54:27 - info: User ME logged in successfully
2024-11-08 13:54:30 - info: Password changed successfully for user ME
2024-11-08 14:00:18 - info: Login attempt for username: ADMIN
2024-11-08 14:00:19 - info: User ADMIN logged in successfully
2024-11-08 14:00:23 - info: User created: TY
2024-11-08 14:00:34 - info: Login attempt for username: TY
2024-11-08 14:00:34 - info: User TY logged in successfully
2024-11-08 14:00:38 - info: Password changed successfully for user TY
2024-11-08 14:03:56 - info: Login attempt for username: ADMIN
2024-11-08 14:03:56 - info: User ADMIN logged in successfully
2024-11-08 14:03:59 - info: User created: X
2024-11-08 14:04:05 - info: Login attempt for username: X
2024-11-08 14:04:06 - info: User X logged in successfully
2024-11-08 14:04:09 - info: Password changed successfully for user X
2024-11-12 12:10:14 - info: Login attempt for username: ADMIN
2024-11-12 12:10:14 - info: User ADMIN logged in successfully
2024-11-12 12:10:25 - info: User created: git
2024-11-12 12:11:02 - info: Login attempt for username: git
2024-11-12 12:11:02 - error: Login failed for git: Incorrect password
2024-11-12 12:11:03 - info: Login attempt for username: git
2024-11-12 12:11:03 - error: Login failed for git: Incorrect password
2024-11-12 12:11:05 - info: Login attempt for username: git
2024-11-12 12:11:05 - error: Login failed for git: Incorrect password
2024-11-12 12:11:06 - info: Login attempt for username: git
2024-11-12 12:11:06 - error: Login failed for git: Incorrect password
2024-11-12 12:11:08 - info: Login attempt for username: git
2024-11-12 12:11:08 - error: Login failed for git: Incorrect password
2024-11-12 12:11:10 - info: Login attempt for username: git
2024-11-12 12:11:10 - error: Login failed for git: Incorrect password
2024-11-12 12:11:12 - info: Login attempt for username: git
2024-11-12 12:11:13 - info: User git logged in successfully
2024-11-12 12:11:18 - info: Password changed successfully for user git
2024-11-12 12:11:25 - info: Login attempt for username: git
2024-11-12 12:11:25 - error: Login failed for git: Incorrect password
2024-11-12 12:11:26 - info: Login attempt for username: git
2024-11-12 12:11:26 - error: Login failed for git: Incorrect password
2024-11-12 12:11:28 - info: Login attempt for username: git
2024-11-12 12:11:28 - error: Login failed for git: Incorrect password
2024-11-12 12:11:29 - info: Login attempt for username: git
2024-11-12 12:11:29 - error: Login failed for git: Incorrect password
2024-11-12 12:11:29 - info: Login attempt for username: git
2024-11-12 12:11:29 - error: Login failed for git: Incorrect password
2024-11-12 12:11:30 - info: Login attempt for username: git
2024-11-12 12:11:30 - error: Login failed for git: Incorrect password
2024-11-12 12:11:30 - info: Login attempt for username: git
2024-11-12 12:11:30 - error: Login failed for git: Incorrect password
2024-11-12 12:11:31 - info: Login attempt for username: git
2024-11-12 12:11:31 - error: Login failed for git: Incorrect password
2024-11-12 12:11:35 - info: Login attempt for username: git
2024-11-12 12:11:35 - info: User git logged in successfully
2024-11-12 12:13:03 - info: Login attempt for username: git
2024-11-12 12:13:03 - error: Login failed for git: Incorrect password
2024-11-12 12:16:01 - info: Login attempt for username: ADMIN
2024-11-12 12:16:01 - info: User ADMIN logged in successfully
2024-11-12 12:16:04 - info: User created: dep
2024-11-12 12:16:10 - info: Login attempt for username: dep
2024-11-12 12:16:10 - info: User dep logged in successfully
2024-11-12 12:16:15 - info: Login attempt for username: dep
2024-11-12 12:16:15 - error: Login failed for dep: Incorrect password
2024-11-12 12:16:28 - info: Login attempt for username: dep
2024-11-12 12:16:28 - error: Login failed for dep: Incorrect password
2024-11-12 12:16:30 - info: Login attempt for username: dep
2024-11-12 12:16:30 - error: Login failed for dep: Incorrect password
2024-11-12 12:16:32 - info: Login attempt for username: dep
2024-11-12 12:16:32 - error: Login failed for dep: Incorrect password
2024-11-12 12:16:33 - info: Login attempt for username: dep
2024-11-12 12:16:33 - error: Login failed for dep: Incorrect password
2024-11-12 12:16:35 - info: Login attempt for username: dep
2024-11-12 12:16:35 - error: Login failed for dep: Incorrect password
2024-11-12 12:16:36 - info: Login attempt for username: dep
2024-11-12 12:16:36 - error: Login failed for dep: Incorrect password
2024-11-12 12:16:37 - info: Login attempt for username: dep
2024-11-12 12:16:37 - error: Login failed for dep: Incorrect password
2024-11-12 12:16:38 - info: Login attempt for username: dep
2024-11-12 12:16:39 - info: User dep logged in successfully
2024-11-12 12:16:47 - info: Login attempt for username: dep
2024-11-12 12:16:47 - error: Login failed for dep: Incorrect password
2024-11-12 12:16:48 - info: Login attempt for username: dep
2024-11-12 12:16:48 - error: Login failed for dep: Incorrect password
2024-11-12 12:16:48 - info: Login attempt for username: dep
2024-11-12 12:16:49 - error: Login failed for dep: Incorrect password
2024-11-12 12:16:49 - info: Login attempt for username: dep
2024-11-12 12:16:49 - error: Login failed for dep: Incorrect password
2024-11-12 12:16:49 - info: Login attempt for username: dep
2024-11-12 12:16:49 - error: Login failed for dep: Incorrect password
2024-11-12 12:16:49 - info: Login attempt for username: dep
2024-11-12 12:16:49 - error: Login failed for dep: Incorrect password
2024-11-12 12:16:49 - info: Login attempt for username: dep
2024-11-12 12:16:49 - error: Login failed for dep: Incorrect password
2024-11-12 12:16:49 - info: Login attempt for username: dep
2024-11-12 12:16:49 - error: Login failed for dep: Incorrect password
2024-11-12 12:16:49 - info: Login attempt for username: dep
2024-11-12 12:16:50 - error: Login failed for dep: Incorrect password
2024-11-12 12:16:50 - info: Login attempt for username: dep
2024-11-12 12:16:50 - error: Login failed for dep: Incorrect password
2024-11-12 12:16:50 - info: Login attempt for username: dep
2024-11-12 12:16:50 - error: Login failed for dep: Incorrect password
2024-11-12 12:20:57 - info: Login attempt for username: ADMIN
2024-11-12 12:20:57 - info: User ADMIN logged in successfully
2024-11-12 12:21:01 - info: User deleted: lo
2024-11-12 12:21:03 - info: User deleted: MI
2024-11-12 12:21:06 - info: User deleted: ki
2024-11-12 12:21:09 - info: User deleted: LOL
2024-11-12 12:21:12 - info: User deleted: puk
2024-11-12 12:21:15 - info: User deleted: KOK
2024-11-12 12:21:17 - info: User deleted: rik
2024-11-12 12:21:20 - info: User deleted: JO
2024-11-12 12:21:22 - info: User deleted: B
2024-11-12 12:21:25 - info: User deleted: IN
2024-11-12 12:21:28 - info: User deleted: U
2024-11-12 12:21:30 - info: User deleted: ME
2024-11-12 12:21:33 - info: User deleted: TY
2024-11-12 12:21:36 - info: User deleted: X
2024-11-12 12:21:41 - info: User created: T
2024-11-12 12:22:25 - info: Login attempt for username: T
2024-11-12 12:22:25 - info: User T logged in successfully
2024-11-12 12:22:29 - info: Login attempt for username: T
2024-11-12 12:22:29 - error: Login failed for T: Incorrect password
2024-11-12 12:22:29 - info: Login attempt for username: T
2024-11-12 12:22:29 - error: Login failed for T: Incorrect password
2024-11-12 12:22:30 - info: Login attempt for username: T
2024-11-12 12:22:30 - error: Login failed for T: Incorrect password
2024-11-12 12:22:30 - info: Login attempt for username: T
2024-11-12 12:22:30 - error: Login failed for T: Incorrect password
2024-11-12 12:22:30 - info: Login attempt for username: T
2024-11-12 12:22:30 - error: Login failed for T: Incorrect password
2024-11-12 12:22:30 - info: Login attempt for username: T
2024-11-12 12:22:30 - error: Login failed for T: Incorrect password
2024-11-12 12:22:30 - info: Login attempt for username: T
2024-11-12 12:22:30 - error: Login failed for T: Incorrect password
2024-11-12 12:22:30 - info: Login attempt for username: T
2024-11-12 12:22:31 - error: Login failed for T: Incorrect password
2024-11-12 12:22:31 - info: Login attempt for username: T
2024-11-12 12:22:31 - error: Login failed for T: Incorrect password
2024-11-12 12:22:31 - info: Login attempt for username: T
2024-11-12 12:22:31 - error: Login failed for T: Incorrect password
2024-11-12 12:22:31 - info: Login attempt for username: T
2024-11-12 12:22:31 - error: Login failed for T: Incorrect password
2024-11-12 12:22:31 - info: Login attempt for username: T
2024-11-12 12:22:31 - error: Login failed for T: Incorrect password
2024-11-12 12:22:31 - info: Login attempt for username: T
2024-11-12 12:22:31 - error: Login failed for T: Incorrect password
2024-11-12 12:23:10 - info: Login attempt for username: T
2024-11-12 12:23:10 - error: Login failed for T: Incorrect password
2024-11-12 12:23:12 - info: Login attempt for username: T
2024-11-12 12:23:12 - error: Login failed for T: Incorrect password
2024-11-12 12:23:13 - info: Login attempt for username: T
2024-11-12 12:23:13 - error: Login failed for T: Incorrect password
2024-11-12 12:23:14 - info: Login attempt for username: T
2024-11-12 12:23:14 - error: Login failed for T: Incorrect password
2024-11-12 12:23:14 - info: Login attempt for username: T
2024-11-12 12:23:14 - error: Login failed for T: Incorrect password
2024-11-12 12:23:16 - info: Login attempt for username: T
2024-11-12 12:23:16 - info: User T logged in successfully
2024-11-12 12:23:23 - info: Password changed successfully for user T
2024-11-12 12:23:27 - info: Login attempt for username: T
2024-11-12 12:23:27 - info: User T logged in successfully
2024-11-12 12:23:33 - info: Login attempt for username: T
2024-11-12 12:23:33 - error: Login failed for T: Incorrect password
2024-11-12 12:23:33 - info: Login attempt for username: T
2024-11-12 12:23:34 - error: Login failed for T: Incorrect password
2024-11-12 12:23:34 - info: Login attempt for username: T
2024-11-12 12:23:34 - error: Login failed for T: Incorrect password
2024-11-12 12:23:34 - info: Login attempt for username: T
2024-11-12 12:23:34 - error: Login failed for T: Incorrect password
2024-11-12 12:23:34 - info: Login attempt for username: T
2024-11-12 12:23:34 - error: Login failed for T: Incorrect password
2024-11-12 12:23:35 - info: Login attempt for username: T
2024-11-12 12:23:35 - error: Login failed for T: Incorrect password
2024-11-12 12:23:35 - info: Login attempt for username: T
2024-11-12 12:23:35 - error: Login failed for T: Incorrect password
2024-11-12 12:23:35 - info: Login attempt for username: T
2024-11-12 12:23:35 - error: Login failed for T: Incorrect password
2024-11-12 12:23:35 - info: Login attempt for username: T
2024-11-12 12:23:35 - error: Login failed for T: Incorrect password
2024-11-12 12:23:35 - info: Login attempt for username: T
2024-11-12 12:23:35 - error: Login failed for T: Incorrect password
2024-11-12 12:27:46 - info: Login attempt for username: ADMIN
2024-11-12 12:27:46 - info: User ADMIN logged in successfully
2024-11-12 12:27:49 - info: User created: P
2024-11-12 12:27:57 - info: Login attempt for username: P
2024-11-12 12:27:57 - info: User P logged in successfully
2024-11-12 12:28:00 - info: Login attempt for username: P
2024-11-12 12:28:00 - error: Login failed for P: Incorrect password
2024-11-12 12:28:01 - info: Login attempt for username: P
2024-11-12 12:28:01 - error: Login failed for P: Incorrect password
2024-11-12 12:28:01 - info: Login attempt for username: P
2024-11-12 12:28:01 - error: Login failed for P: Incorrect password
2024-11-12 12:28:01 - info: Login attempt for username: P
2024-11-12 12:28:01 - error: Login failed for P: Incorrect password
2024-11-12 12:28:01 - info: Login attempt for username: P
2024-11-12 12:28:02 - error: Login failed for P: Incorrect password
2024-11-12 12:28:02 - info: Login attempt for username: P
2024-11-12 12:28:02 - error: Login failed for P: Incorrect password
2024-11-12 12:28:02 - info: Login attempt for username: P
2024-11-12 12:28:02 - error: Login failed for P: Incorrect password
2024-11-12 12:28:02 - info: Login attempt for username: P
2024-11-12 12:28:02 - error: Login failed for P: Incorrect password
2024-11-12 12:28:02 - info: Login attempt for username: P
2024-11-12 12:28:02 - error: Login failed for P: Incorrect password
2024-11-12 12:28:02 - info: Login attempt for username: P
2024-11-12 12:28:02 - error: Login failed for P: Incorrect password
2024-11-12 12:29:19 - info: Login attempt for username: ADMIN
2024-11-12 12:29:19 - info: User ADMIN logged in successfully
2024-11-12 12:34:01 - info: Login attempt for username: ADMIN
2024-11-12 12:34:01 - info: User ADMIN logged in successfully
2024-11-12 12:34:04 - info: User created: JO
2024-11-12 12:34:24 - info: Login attempt for username: JO
2024-11-12 12:34:24 - info: User JO logged in successfully
2024-11-12 12:34:28 - info: Login attempt for username: JO
2024-11-12 12:34:28 - error: Login failed for JO: Incorrect password
2024-11-12 12:34:32 - info: Login attempt for username: JO
2024-11-12 12:34:32 - error: Login failed for JO: Incorrect password
2024-11-12 12:34:33 - info: Login attempt for username: JO
2024-11-12 12:34:33 - error: Login failed for JO: Incorrect password
2024-11-12 12:34:33 - info: Login attempt for username: JO
2024-11-12 12:34:33 - error: Login failed for JO: Incorrect password
2024-11-12 12:34:33 - info: Login attempt for username: JO
2024-11-12 12:34:33 - error: Login failed for JO: Incorrect password
2024-11-12 12:34:34 - info: Login attempt for username: JO
2024-11-12 12:34:34 - error: Login failed for JO: Incorrect password
2024-11-12 12:34:34 - info: Login attempt for username: JO
2024-11-12 12:34:34 - error: Login failed for JO: Incorrect password
2024-11-12 12:34:34 - info: Login attempt for username: JO
2024-11-12 12:34:34 - error: Login failed for JO: Incorrect password
2024-11-12 12:34:34 - info: Login attempt for username: JO
2024-11-12 12:34:34 - error: Login failed for JO: Incorrect password
2024-11-12 12:34:35 - info: Login attempt for username: JO
2024-11-12 12:34:35 - error: Login failed for JO: Incorrect password
2024-11-12 12:34:35 - info: Login attempt for username: JO
2024-11-12 12:34:35 - error: Login failed for JO: Incorrect password
2024-11-12 12:34:35 - info: Login attempt for username: JO
2024-11-12 12:34:35 - error: Login failed for JO: Incorrect password
2024-11-12 12:42:38 - info: Login attempt for username: ADMIN
2024-11-12 12:42:38 - info: User ADMIN logged in successfully
2024-11-12 12:42:42 - info: User created: X
2024-11-12 12:42:47 - info: Login attempt for username: X
2024-11-12 12:42:47 - error: Login failed for X: Incorrect password
2024-11-12 12:42:49 - info: Login attempt for username: X
2024-11-12 12:42:49 - error: Login failed for X: Incorrect password
2024-11-12 12:42:50 - info: Login attempt for username: X
2024-11-12 12:42:50 - error: Login failed for X: Incorrect password
2024-11-12 12:42:51 - info: Login attempt for username: X
2024-11-12 12:42:51 - error: Login failed for X: Incorrect password
2024-11-12 12:42:51 - info: Login attempt for username: X
2024-11-12 12:42:51 - error: Login failed for X: Incorrect password
2024-11-12 12:42:52 - info: Login attempt for username: X
2024-11-12 12:42:52 - error: Login failed for X: Incorrect password
2024-11-12 12:42:53 - info: Login attempt for username: X
2024-11-12 12:42:53 - error: Login failed for X: Incorrect password
2024-11-12 12:42:53 - info: Login attempt for username: X
2024-11-12 12:42:53 - error: Login failed for X: Incorrect password
2024-11-12 12:42:53 - info: Login attempt for username: X
2024-11-12 12:42:53 - error: Login failed for X: Incorrect password
2024-11-12 12:42:54 - info: Login attempt for username: X
2024-11-12 12:42:54 - error: Login failed for X: Incorrect password
2024-11-12 12:42:54 - info: Login attempt for username: X
2024-11-12 12:42:54 - error: Login failed for X: Incorrect password
2024-11-12 12:43:02 - info: Login attempt for username: X
2024-11-12 12:43:02 - info: User X logged in successfully
2024-11-12 12:43:06 - info: Login attempt for username: X
2024-11-12 12:43:06 - error: Login failed for X: Incorrect password
2024-11-12 12:43:07 - info: Login attempt for username: X
2024-11-12 12:43:07 - error: Login failed for X: Incorrect password
2024-11-12 12:43:07 - info: Login attempt for username: X
2024-11-12 12:43:07 - error: Login failed for X: Incorrect password
2024-11-12 12:43:07 - info: Login attempt for username: X
2024-11-12 12:43:07 - error: Login failed for X: Incorrect password
2024-11-12 12:43:07 - info: Login attempt for username: X
2024-11-12 12:43:07 - error: Login failed for X: Incorrect password
2024-11-12 12:43:08 - info: Login attempt for username: X
2024-11-12 12:43:08 - error: Login failed for X: Incorrect password
2024-11-12 12:53:46 - info: Login attempt for username: ADMIN
2024-11-12 12:53:47 - info: User ADMIN logged in successfully
2024-11-12 12:53:50 - info: User created: PO
2024-11-12 12:53:55 - info: Login attempt for username: PO
2024-11-12 12:53:55 - error: Login failed for PO: Incorrect password
2024-11-12 12:53:56 - info: Login attempt for username: PO
2024-11-12 12:53:56 - error: Login failed for PO: Incorrect password
2024-11-12 12:53:56 - info: Login attempt for username: PO
2024-11-12 12:53:56 - error: Login failed for PO: Incorrect password
2024-11-12 12:53:57 - info: Login attempt for username: PO
2024-11-12 12:53:57 - error: Login failed for PO: Incorrect password
2024-11-12 12:53:58 - info: Login attempt for username: PO
2024-11-12 12:53:58 - error: Login failed for PO: Incorrect password
2024-11-12 12:53:58 - info: Login attempt for username: PO
2024-11-12 12:53:58 - error: Login failed for PO: Incorrect password
2024-11-12 12:53:58 - info: Login attempt for username: PO
2024-11-12 12:53:58 - error: Login failed for PO: Incorrect password
2024-11-12 12:53:58 - info: Login attempt for username: PO
2024-11-12 12:53:59 - error: Login failed for PO: Incorrect password
2024-11-12 12:53:59 - info: Login attempt for username: PO
2024-11-12 12:53:59 - error: Login failed for PO: Incorrect password
2024-11-12 12:53:59 - info: Login attempt for username: PO
2024-11-12 12:53:59 - error: Login failed for PO: Incorrect password
2024-11-12 12:54:01 - info: Login attempt for username: PO
2024-11-12 12:54:01 - info: User PO logged in successfully
2024-11-12 12:54:05 - info: Login attempt for username: PO
2024-11-12 12:54:05 - error: Login failed for PO: Incorrect password
2024-11-12 12:54:05 - info: Login attempt for username: PO
2024-11-12 12:54:05 - error: Login failed for PO: Incorrect password
2024-11-12 12:54:05 - info: Login attempt for username: PO
2024-11-12 12:54:06 - error: Login failed for PO: Incorrect password
2024-11-12 12:54:06 - info: Login attempt for username: PO
2024-11-12 12:54:06 - error: Login failed for PO: Incorrect password
2024-11-13 23:05:38 - info: Login attempt for username: ADMIN
2024-11-13 23:05:38 - info: User ADMIN logged in successfully
2024-11-13 23:05:40 - info: User deleted: PO
2024-11-13 23:05:42 - info: User deleted: git
2024-11-13 23:05:44 - info: User deleted: dep
2024-11-13 23:05:46 - info: User deleted: T
2024-11-13 23:05:48 - info: User deleted: P
2024-11-13 23:05:49 - info: User deleted: JO
2024-11-13 23:05:53 - info: User created: U
2024-11-13 23:06:01 - info: Login attempt for username: U
2024-11-13 23:06:01 - error: Login failed for U: Incorrect password
2024-11-13 23:06:06 - info: Login attempt for username: U
2024-11-13 23:06:06 - error: Login failed for U: Incorrect password
2024-11-13 23:06:07 - info: Login attempt for username: U
2024-11-13 23:06:07 - error: Login failed for U: Incorrect password
2024-11-13 23:06:08 - info: Login attempt for username: U
2024-11-13 23:06:08 - error: Login failed for U: Incorrect password
2024-11-13 23:06:10 - info: Login attempt for username: U
2024-11-13 23:06:10 - error: Login failed for U: Incorrect password
2024-11-13 23:06:11 - info: Login attempt for username: U
2024-11-13 23:06:11 - error: Login failed for U: Incorrect password
2024-11-13 23:06:12 - info: Login attempt for username: U
2024-11-13 23:06:12 - error: Login failed for U: Incorrect password
2024-11-13 23:06:14 - info: Login attempt for username: U
2024-11-13 23:06:14 - info: User U logged in successfully
2024-11-13 23:06:23 - info: Login attempt for username: U
2024-11-13 23:06:23 - error: Login failed for U: Incorrect password
2024-11-13 23:10:48 - info: Login attempt for username: ADMIN
2024-11-13 23:10:48 - info: User ADMIN logged in successfully
2024-11-13 23:10:52 - info: User created: O
2024-11-13 23:10:58 - info: Login attempt for username: O
2024-11-13 23:10:58 - error: Login failed for O: Incorrect password
2024-11-13 23:11:01 - info: Login attempt for username: O
2024-11-13 23:11:01 - error: Login failed for O: Incorrect password
2024-11-13 23:11:02 - info: Login attempt for username: O
2024-11-13 23:11:02 - error: Login failed for O: Incorrect password
2024-11-13 23:11:03 - info: Login attempt for username: O
2024-11-13 23:11:03 - error: Login failed for O: Incorrect password
2024-11-13 23:11:04 - info: Login attempt for username: O
2024-11-13 23:11:04 - error: Login failed for O: Incorrect password
2024-11-13 23:11:05 - info: Login attempt for username: O
2024-11-13 23:11:05 - error: Login failed for O: Incorrect password
2024-11-13 23:11:06 - info: Login attempt for username: O
2024-11-13 23:11:06 - error: Login failed for O: Incorrect password
2024-11-13 23:11:08 - info: Login attempt for username: O
2024-11-13 23:11:08 - info: User O logged in successfully
2024-11-13 23:24:05 - info: User ADMIN logged in
2024-11-13 23:24:09 - info: User created: KO
2024-11-13 23:24:15 - error: Login failed for KO: Incorrect password
2024-11-13 23:24:15 - error: Error logging in KO: logActivity is not defined
2024-11-13 23:24:20 - error: Login failed for KO: Incorrect password
2024-11-13 23:24:20 - error: Error logging in KO: logActivity is not defined
2024-11-13 23:24:30 - info: User KO logged in
2024-11-13 23:24:34 - error: Login failed for KO: Incorrect password
2024-11-13 23:24:34 - error: Error logging in KO: logActivity is not defined
2024-11-13 23:24:35 - error: Login failed for KO: Incorrect password
2024-11-13 23:24:35 - error: Error logging in KO: logActivity is not defined
2024-11-13 23:24:36 - error: Login failed for KO: Incorrect password
2024-11-13 23:24:36 - error: Error logging in KO: logActivity is not defined
2024-11-13 23:24:37 - error: Login failed for KO: Incorrect password
2024-11-13 23:24:37 - error: Error logging in KO: logActivity is not defined
2024-11-13 23:24:38 - error: Login failed for KO: Incorrect password
2024-11-13 23:24:38 - error: Error logging in KO: logActivity is not defined
2024-11-13 23:24:39 - error: Login failed for KO: Incorrect password
2024-11-13 23:24:39 - error: Error logging in KO: logActivity is not defined
2024-11-13 23:24:42 - error: Login failed for KO: Incorrect password
2024-11-13 23:24:42 - error: Error logging in KO: logActivity is not defined
2024-11-13 23:24:45 - info: User KO logged in
2024-11-13 23:28:56 - info: User ADMIN logged in
2024-11-13 23:29:01 - info: User created: F
2024-11-13 23:29:09 - error: Login failed for F: Incorrect password
2024-11-13 23:29:12 - error: Login failed for F: Incorrect password
2024-11-13 23:29:13 - error: Login failed for F: Incorrect password
2024-11-13 23:29:14 - error: Login failed for F: Incorrect password
2024-11-13 23:29:15 - error: Login failed for F: Incorrect password
2024-11-13 23:29:15 - warn: User F has been locked out until Wed Nov 13 2024 23:44:15 GMT+0100 (Central European Standard Time)
2024-11-13 23:29:16 - warn: Locked account attempt for F
2024-11-13 23:29:35 - warn: Locked account attempt for F
2024-11-13 23:29:48 - info: User ADMIN logged in
2024-11-13 23:30:29 - warn: Locked account attempt for F
2024-11-13 23:32:19 - warn: Locked account attempt for F
2024-11-18 12:03:28 - info: User ADMIN logged in
2024-11-18 12:03:31 - info: User deleted: F
2024-11-18 12:08:38 - info: User created: Johnyy12
2024-11-18 12:11:46 - info: User created: bro
2024-11-18 12:14:08 - info: User created: kan
2024-11-18 12:14:12 - error: Login failed for kan: Incorrect password
2024-11-18 12:14:12 - error: Login failed for kan: Incorrect password
2024-11-18 12:14:13 - error: Login failed for kan: Incorrect password
2024-11-18 12:14:13 - error: Login failed for kan: Incorrect password
2024-11-18 12:14:13 - error: Login failed for kan: Incorrect password
2024-11-18 12:14:13 - warn: User kan has been locked out until Mon Nov 18 2024 12:29:13 GMT+0100 (Central European Standard Time)
2024-11-18 12:14:13 - warn: Locked account attempt for kan
2024-11-18 12:16:06 - info: User ADMIN logged in
2024-11-19 13:05:05 - error: CAPTCHA answer incorrect for ADMIN
2024-11-19 13:05:08 - info: User ADMIN logged in
2024-11-19 13:05:27 - info: User ADMIN logged in
2024-11-19 13:05:33 - info: User created: mike
2024-11-19 13:05:47 - info: User mike logged in
2024-11-19 13:06:31 - info: User mike logged in
2024-11-19 13:06:42 - error: Login failed for mike: Incorrect password
2024-11-19 13:06:46 - error: Login failed for mike: Incorrect password
2024-11-19 13:06:54 - error: Login failed for mike: Incorrect password
2024-11-19 13:06:57 - error: Login failed for mike: Incorrect password
2024-11-19 13:07:02 - error: Login failed for mike: Incorrect password
2024-11-19 13:07:02 - warn: User mike has been locked out until Tue Nov 19 2024 13:22:02 GMT+0100 (Central European Standard Time)
2024-11-19 13:07:05 - warn: Locked account attempt for mike
2024-11-19 13:07:13 - warn: Locked account attempt for mike
2024-11-19 13:07:48 - info: User ADMIN logged in
2024-11-19 13:08:02 - info: User created: kox
2024-11-19 13:08:12 - info: User kox logged in
2024-11-19 13:08:24 - info: User kox logged in
2024-11-19 13:13:25 - info: User ADMIN logged in successfully
2024-11-19 13:13:32 - info: User created: mak
2024-11-19 13:13:46 - info: OTP required for user mak
2024-11-19 13:15:44 - info: User ADMIN logged in successfully
2024-11-19 13:15:52 - info: User created: mi
2024-11-19 13:16:00 - info: OTP required for user mi
2024-11-19 13:19:16 - info: User ADMIN logged in successfully
2024-11-19 13:19:23 - info: User created: m
2024-11-19 13:19:32 - info: OTP required for user m
2024-11-19 13:22:50 - info: OTP required for user m
2024-11-19 13:23:08 - info: User ADMIN logged in successfully
2024-11-19 13:23:12 - info: User created: k
2024-11-19 13:23:23 - info: OTP required for user k
2024-11-19 13:35:15 - info: User ADMIN logged in successfully
2024-11-19 13:35:20 - info: User created: gi
2024-11-19 13:35:29 - info: OTP required for user gi
2024-11-19 13:35:33 - info: User gi verified OTP and logged in successfully
2024-11-19 13:35:38 - info: User gi logged in successfully
2024-11-19 14:06:02 - info: User ADMIN logged in successfully
2024-11-19 14:06:25 - error: reCAPTCHA verification failed for admin ID 6726462bc4041cd375b1a22b
2024-11-19 14:06:50 - error: reCAPTCHA verification failed for admin ID 6726462bc4041cd375b1a22b
2024-11-19 14:08:00 - error: reCAPTCHA verification failed for admin ID 6726462bc4041cd375b1a22b
2024-11-19 14:11:01 - error: reCAPTCHA verification failed for admin ID 6726462bc4041cd375b1a22b
2024-11-19 14:13:23 - error: reCAPTCHA verification failed for admin ID 6726462bc4041cd375b1a22b
2024-11-19 14:15:52 - error: reCAPTCHA verification failed for admin ID 6726462bc4041cd375b1a22b: invalid-input-response
2024-11-19 14:17:32 - error: reCAPTCHA verification failed for admin ID 6726462bc4041cd375b1a22b: invalid-input-response
2024-11-19 14:27:01 - error: reCAPTCHA verification failed for admin ID 6726462bc4041cd375b1a22b: invalid-input-response
2024-11-19 14:31:24 - error: reCAPTCHA verification failed for admin ID 6726462bc4041cd375b1a22b: invalid-input-response
2024-11-19 14:55:05 - error: reCAPTCHA verification failed for admin ID 6726462bc4041cd375b1a22b: invalid-input-response
2024-11-19 15:02:32 - info: User ADMIN logged in successfully
2024-11-19 15:03:05 - info: Admin password changed for ADMIN
2024-11-19 15:03:26 - info: User ADMIN logged in successfully
2024-11-19 15:04:05 - info: Admin password changed for ADMIN
2024-11-19 15:10:02 - info: User deleted: m
2024-11-19 15:10:07 - info: User deleted: gi
2024-11-19 15:10:11 - info: User deleted: k
2024-11-19 15:10:20 - info: User deleted: U
2024-11-19 15:10:24 - info: User deleted: X
2024-11-19 15:10:26 - info: User deleted: O
2024-11-19 15:10:28 - info: User deleted: KO
2024-11-19 15:10:30 - info: User deleted: Johnyy12
2024-11-19 15:10:32 - info: User deleted: kan
2024-11-19 15:10:34 - info: User deleted: bro
2024-11-19 15:10:36 - info: User deleted: mike
2024-11-19 15:10:38 - info: User deleted: kox
2024-11-19 15:10:40 - info: User deleted: mak
2024-11-19 15:10:42 - info: User deleted: mi
2024-11-19 15:11:39 - info: User ADMIN logged in successfully
2024-11-19 15:12:05 - info: Admin password changed for ADMIN
2024-11-19 15:15:08 - info: Admin password changed for ADMIN
2024-11-19 15:17:10 - info: Admin password changed for ADMIN
2024-11-19 15:23:23 - error: Login failed for ADMIN: Incorrect password
2024-11-19 15:23:31 - info: User ADMIN logged in successfully
2024-11-19 15:23:47 - error: reCAPTCHA verification failed for admin ID 6726462bc4041cd375b1a22b: invalid-keys, response: {"success":false,"error-codes":["invalid-keys"]}
2024-11-19 15:24:35 - info: Admin password changed for ADMIN
2024-11-19 15:29:38 - info: Admin password changed for ADMIN
2024-11-19 15:35:31 - error: Login failed for ADMIN: Incorrect password
2024-11-19 15:35:36 - info: User ADMIN logged in successfully
2024-11-19 15:35:52 - info: Admin password changed for ADMIN
2024-11-19 15:46:02 - error: CAPTCHA answer incorrect for ADMIN
2024-11-19 15:46:05 - info: User ADMIN logged in successfully
2024-11-19 15:46:28 - info: Admin password changed for ADMIN
2024-11-19 15:49:50 - error: Login failed for ADMIN: Incorrect password
2024-11-19 15:49:52 - error: Login failed for ADMIN: Incorrect password
2024-11-19 15:49:59 - info: User ADMIN logged in successfully
2024-11-19 15:50:21 - info: Admin password changed for ADMIN
2024-11-19 15:50:33 - info: User ADMIN logged in successfully
2024-11-19 15:57:34 - info: User ADMIN logged in successfully
2024-11-19 16:01:19 - info: User ADMIN logged in successfully
2024-11-19 16:01:45 - info: Admin password changed for ADMIN
2024-11-19 16:08:10 - info: User ADMIN logged in successfully
2024-11-19 16:08:45 - error: Password change failed for ADMIN: Incorrect current password
2024-11-19 16:09:06 - error: Login failed for ADMIN: Incorrect password
2024-11-19 16:09:09 - info: User ADMIN logged in successfully
2024-11-19 16:09:51 - error: Login failed for ADMIN: Incorrect password
2024-11-19 16:09:56 - error: CAPTCHA answer incorrect for ADMIN
2024-11-19 16:10:00 - info: User ADMIN logged in successfully
2024-11-19 16:10:19 - info: Admin password changed for ADMIN
2024-11-19 16:18:51 - info: User created: ko
2024-11-19 16:18:56 - info: User ko logged in successfully
2024-11-19 16:19:13 - info: Password changed successfully for user ko
2024-11-25 12:14:00 - info: User ADMIN logged in successfully
2024-11-25 12:14:11 - info: User created: ri
2024-11-25 12:14:29 - error: CAPTCHA answer incorrect for ri
2024-11-25 12:14:32 - info: User ri logged in successfully
2024-11-25 12:30:51 - error: CAPTCHA answer incorrect for ADMIN
2024-11-25 12:51:37 - info: User ADMIN logged in successfully
2024-11-29 17:01:12 - info: User ADMIN logged in successfully
2024-11-29 17:01:18 - info: User created: MAX
2024-11-29 17:01:21 - info: User deleted: ri
2024-11-29 17:01:23 - info: User deleted: ko
2024-11-29 17:01:30 - info: User MAX logged in successfully
2024-11-29 17:02:08 - info: User ADMIN logged in successfully
2024-11-29 17:02:11 - info: User created: JO
2024-11-29 17:02:19 - info: User JO logged in successfully
2024-11-29 17:06:34 - error: Error verifying cipher for user 6749e58381cdc17be7433d0a: CAESAR_SHIFT is not defined
2024-11-29 17:06:36 - error: Error verifying cipher for user 6749e58381cdc17be7433d0a: CAESAR_SHIFT is not defined
2024-11-29 17:06:36 - error: Error verifying cipher for user 6749e58381cdc17be7433d0a: CAESAR_SHIFT is not defined
2024-11-29 17:06:36 - error: Error verifying cipher for user 6749e58381cdc17be7433d0a: CAESAR_SHIFT is not defined
2024-11-29 17:06:36 - error: Error verifying cipher for user 6749e58381cdc17be7433d0a: CAESAR_SHIFT is not defined
2024-11-29 17:06:38 - error: Error verifying cipher for user 6749e58381cdc17be7433d0a: CAESAR_SHIFT is not defined
2024-11-29 17:08:55 - error: Error verifying cipher for user 6749e58381cdc17be7433d0a: CAESAR_SHIFT is not defined
2024-11-29 17:08:59 - error: Error verifying cipher for user 6749e58381cdc17be7433d0a: CAESAR_SHIFT is not defined
2024-11-29 17:10:20 - info: User MAX logged in successfully
2024-11-29 17:10:50 - error: Error verifying cipher for user 6749e54e9dcd77312a7ab965: CAESAR_SHIFT is not defined
2024-11-29 17:10:51 - error: Error verifying cipher for user 6749e54e9dcd77312a7ab965: CAESAR_SHIFT is not defined
2024-11-29 17:12:58 - error: Bd podczas weryfikacji szyfru dla uytkownika 6749e54e9dcd77312a7ab965: CAESAR_SHIFT is not defined
2024-11-29 17:14:58 - info: Uytkownik MAX rozwiza szyfr pomylnie.
2024-11-29 17:15:17 - info: User MAX logged in successfully
2024-11-29 17:16:34 - info: User ADMIN logged in successfully
2024-11-29 17:16:37 - info: User created: BO
2024-11-29 17:16:43 - info: User BO logged in successfully
2024-11-29 17:16:57 - info: Uytkownik BO rozwiza szyfr pomylnie.
2024-11-29 17:17:05 - info: User BO logged in successfully
2024-11-29 17:17:22 - info: User ADMIN logged in successfully
2024-11-29 17:17:26 - info: User created: KTO
2024-11-29 17:17:33 - info: User BO logged in successfully
2024-11-29 17:17:37 - info: User KTO logged in successfully
2024-11-29 17:26:35 - info: User ADMIN logged in successfully
2024-11-29 17:26:38 - info: User created: BU
2024-11-29 17:26:42 - info: User BU logged in successfully
2024-11-29 17:26:55 - info: User BU logged in successfully
2024-11-29 17:27:09 - info: Uytkownik BU rozwiza szyfr pomylnie.
2024-11-29 17:27:20 - info: User BU logged in successfully
2024-11-29 17:28:28 - error: CAPTCHA answer incorrect for ADMIN
2024-11-29 17:28:38 - info: User ADMIN logged in successfully
2024-11-29 17:28:41 - info: User created: MAN
2024-11-29 17:28:47 - info: User MAN logged in successfully
2024-11-29 17:29:02 - info: Uytkownik MAN rozwiza szyfr pomylnie.
2024-11-29 17:29:09 - info: User MAN logged in successfully
2024-11-30 15:00:41 - info: User ADMIN logged in successfully
2024-11-30 15:00:43 - info: User deleted: MAN
2024-11-30 15:00:45 - info: User deleted: MAX
2024-11-30 15:00:47 - info: User deleted: JO
2024-11-30 15:00:49 - info: User deleted: BO
2024-11-30 15:00:51 - info: User deleted: KTO
2024-11-30 15:01:03 - info: User created: MI
2024-11-30 15:01:09 - info: User MI logged in successfully
2024-11-30 15:10:35 - info: Uytkownik MI rozwiza szyfr pomylnie.
2024-11-30 15:11:15 - info: User ADMIN logged in successfully
2024-11-30 15:11:20 - info: User created: GO
2024-11-30 15:11:24 - info: User GO logged in successfully
2024-11-30 15:23:46 - info: User ADMIN logged in successfully
2024-11-30 15:23:53 - info: User GO logged in successfully
2024-11-30 15:24:28 - info: Uytkownik GO rozwiza szyfr pomylnie.
2024-11-30 15:25:57 - info: User ADMIN logged in successfully
2024-11-30 15:26:01 - info: User created: MIKE
2024-11-30 15:26:08 - info: User MIKE logged in successfully
